#
# A fatal error has been detected by the Java Runtime Environment:
#
#  Internal Error (t:/workspace/open/src/hotspot/share/oops/generateOopMap.cpp:2164), pid=11996, tid=21060
#  fatal error: Illegal class file encountered. Try running with -Xverify:all in method findruns
#
# JRE version: Java(TM) SE Runtime Environment (11.0+28) (build 11+28)
# Java VM: Java HotSpot(TM) 64-Bit Server VM (11+28, mixed mode, tiered, compressed oops, g1 gc, windows-amd64)
# No core dump will be written. Minidumps are not enabled by default on client versions of Windows
#
# If you would like to submit a bug report, please visit:
#   http://bugreport.java.com/bugreport/crash.jsp
#

---------------  S U M M A R Y ------------

Command Line: -agentlib:jdwp=transport=dt_socket,address=127.0.0.1:63305,suspend=y,server=n -javaagent:C:\Users\Duck\.IntelliJIdea2018.2\system\captureAgent\debugger-agent.jar=file:/C:/Users/Duck/AppData/Local/Temp/capture.props -Dfile.encoding=UTF-8 ConvSort

Host: Intel(R) Core(TM) i5-8250U CPU @ 1.60GHz, 8 cores, 7G,  Windows 10 , 64 bit Build 17134 (10.0.17134.1)
Time: Fri Oct 19 09:39:53 2018 Pacific Daylight Time elapsed time: 148515 seconds (1d 17h 15m 15s)

---------------  T H R E A D  ---------------

Current thread (0x0000015150d26800):  VMThread "VM Thread" [stack: 0x00000035ce700000,0x00000035ce800000] [id=21060]

Stack: [0x00000035ce700000,0x00000035ce800000]
[error occurred during error reporting (printing stack bounds), id 0xc0000005, EXCEPTION_ACCESS_VIOLATION (0xc0000005) at pc=0x000001513a480bad]

Native frames: (J=compiled Java code, j=interpreted, Vv=VM code, C=native code)
V  [jvm.dll+0x63c22a]
V  [jvm.dll+0x7797ef]
V  [jvm.dll+0x77adda]
V  [jvm.dll+0x77b3f5]
V  [jvm.dll+0x77b3ab]
V  [jvm.dll+0x63b926]
V  [jvm.dll+0x63bcf8]
C  [ntdll.dll+0x9ed2d]
C  [ntdll.dll+0x6c86]
C  [ntdll.dll+0x9dc5e]
C  0x000001513a480bad

VM_Operation (0x00000035cf0ff720): GetOrSetLocal, mode: safepoint, requested by thread 0x00000151518dc800


---------------  P R O C E S S  ---------------

Threads class SMR info:
_java_thread_list=0x000001515188c9a0, length=13, elements={
0x0000015132153800, 0x0000015150d3a000, 0x0000015150d43800, 0x0000015151693800,
0x0000015150d2d000, 0x0000015150d2f800, 0x0000015150d34000, 0x0000015150d36000,
0x00000151517f8800, 0x00000151518dc800, 0x00000151518fb800, 0x00000151518fe800,
0x00000151519c0800
}

Java Threads: ( => current thread )
  0x0000015132153800 JavaThread "main" [_thread_blocked, id=22856, stack(0x00000035ce100000,0x00000035ce200000)]
  0x0000015150d3a000 JavaThread "Reference Handler" daemon [_thread_blocked, id=17392, stack(0x00000035ce800000,0x00000035ce900000)]
  0x0000015150d43800 JavaThread "Finalizer" daemon [_thread_blocked, id=22240, stack(0x00000035ce900000,0x00000035cea00000)]
  0x0000015151693800 JavaThread "Signal Dispatcher" daemon [_thread_blocked, id=22256, stack(0x00000035cea00000,0x00000035ceb00000)]
  0x0000015150d2d000 JavaThread "Attach Listener" daemon [_thread_blocked, id=17072, stack(0x00000035ceb00000,0x00000035cec00000)]
  0x0000015150d2f800 JavaThread "C2 CompilerThread0" daemon [_thread_blocked, id=19296, stack(0x00000035cec00000,0x00000035ced00000)]
  0x0000015150d34000 JavaThread "C1 CompilerThread0" daemon [_thread_blocked, id=9736, stack(0x00000035ced00000,0x00000035cee00000)]
  0x0000015150d36000 JavaThread "Sweeper thread" daemon [_thread_blocked, id=15564, stack(0x00000035cee00000,0x00000035cef00000)]
  0x00000151517f8800 JavaThread "Common-Cleaner" daemon [_thread_blocked, id=20016, stack(0x00000035cef00000,0x00000035cf000000)]
  0x00000151518dc800 JavaThread "JDWP Transport Listener: dt_socket" daemon [_thread_blocked, id=20500, stack(0x00000035cf000000,0x00000035cf100000)] _threads_hazard_ptr=0x000001515188c9a0
  0x00000151518fb800 JavaThread "JDWP Event Helper Thread" daemon [_thread_blocked, id=3016, stack(0x00000035cf100000,0x00000035cf200000)]
  0x00000151518fe800 JavaThread "JDWP Command Reader" daemon [_thread_in_native, id=21540, stack(0x00000035cf200000,0x00000035cf300000)]
  0x00000151519c0800 JavaThread "Service Thread" daemon [_thread_blocked, id=16300, stack(0x00000035cf300000,0x00000035cf400000)]

Other Threads:
=>0x0000015150d26800 VMThread "VM Thread" [stack: 0x00000035ce700000,0x00000035ce800000] [id=21060]
  0x000001515193d800 WatcherThread [stack: 0x00000035cf400000,0x00000035cf500000] [id=15716]
  0x000001513216d000 GCTaskThread "GC Thread#0" [stack: 0x00000035ce200000,0x00000035ce300000] [id=17184]
  0x000001513219c800 ConcurrentGCThread "G1 Main Marker" [stack: 0x00000035ce300000,0x00000035ce400000] [id=21520]
  0x000001513219f000 ConcurrentGCThread "G1 Conc#0" [stack: 0x00000035ce400000,0x00000035ce500000] [id=6656]
  0x0000015150b68800 ConcurrentGCThread "G1 Refine#0" [stack: 0x00000035ce500000,0x00000035ce600000] [id=2692]
  0x0000015150b69000 ConcurrentGCThread "G1 Young RemSet Sampling" [stack: 0x00000035ce600000,0x00000035ce700000] [id=19892]

Threads with active compile tasks:

VM state:at safepoint (normal execution)

VM Mutex/Monitor currently owned by a thread:  ([mutex/lock_event])
[0x0000015132152d10] Threads_lock - owner thread: 0x0000015150d26800

Heap address: 0x0000000081c00000, size: 2020 MB, Compressed Oops mode: 32-bit
Narrow klass base: 0x0000000000000000, Narrow klass shift: 3
Compressed class space size: 1073741824 Address: 0x0000000100000000

Heap:
 garbage-first heap   total 131072K, used 2048K [0x0000000081c00000, 0x0000000100000000)
  region size 1024K, 3 young (3072K), 0 survivors (0K)
 Metaspace       used 6432K, capacity 6551K, committed 6784K, reserved 1056768K
  class space    used 559K, capacity 606K, committed 640K, reserved 1048576K
Heap Regions: E=young(eden), S=young(survivor), O=old, HS=humongous(starts), HC=humongous(continues), CS=collection set, F=free, A=archive, TAMS=top-at-mark-start (previous, next)
|   0|0x0000000081c00000, 0x0000000081c00000, 0x0000000081d00000|  0%| F|  |TAMS 0x0000000081c00000, 0x0000000081c00000| Untracked 
|   1|0x0000000081d00000, 0x0000000081d00000, 0x0000000081e00000|  0%| F|  |TAMS 0x0000000081d00000, 0x0000000081d00000| Untracked 
|   2|0x0000000081e00000, 0x0000000081e00000, 0x0000000081f00000|  0%| F|  |TAMS 0x0000000081e00000, 0x0000000081e00000| Untracked 
|   3|0x0000000081f00000, 0x0000000081f00000, 0x0000000082000000|  0%| F|  |TAMS 0x0000000081f00000, 0x0000000081f00000| Untracked 
|   4|0x0000000082000000, 0x0000000082000000, 0x0000000082100000|  0%| F|  |TAMS 0x0000000082000000, 0x0000000082000000| Untracked 
|   5|0x0000000082100000, 0x0000000082100000, 0x0000000082200000|  0%| F|  |TAMS 0x0000000082100000, 0x0000000082100000| Untracked 
|   6|0x0000000082200000, 0x0000000082200000, 0x0000000082300000|  0%| F|  |TAMS 0x0000000082200000, 0x0000000082200000| Untracked 
|   7|0x0000000082300000, 0x0000000082300000, 0x0000000082400000|  0%| F|  |TAMS 0x0000000082300000, 0x0000000082300000| Untracked 
|   8|0x0000000082400000, 0x0000000082400000, 0x0000000082500000|  0%| F|  |TAMS 0x0000000082400000, 0x0000000082400000| Untracked 
|   9|0x0000000082500000, 0x0000000082500000, 0x0000000082600000|  0%| F|  |TAMS 0x0000000082500000, 0x0000000082500000| Untracked 
|  10|0x0000000082600000, 0x0000000082600000, 0x0000000082700000|  0%| F|  |TAMS 0x0000000082600000, 0x0000000082600000| Untracked 
|  11|0x0000000082700000, 0x0000000082700000, 0x0000000082800000|  0%| F|  |TAMS 0x0000000082700000, 0x0000000082700000| Untracked 
|  12|0x0000000082800000, 0x0000000082800000, 0x0000000082900000|  0%| F|  |TAMS 0x0000000082800000, 0x0000000082800000| Untracked 
|  13|0x0000000082900000, 0x0000000082900000, 0x0000000082a00000|  0%| F|  |TAMS 0x0000000082900000, 0x0000000082900000| Untracked 
|  14|0x0000000082a00000, 0x0000000082a00000, 0x0000000082b00000|  0%| F|  |TAMS 0x0000000082a00000, 0x0000000082a00000| Untracked 
|  15|0x0000000082b00000, 0x0000000082b00000, 0x0000000082c00000|  0%| F|  |TAMS 0x0000000082b00000, 0x0000000082b00000| Untracked 
|  16|0x0000000082c00000, 0x0000000082c00000, 0x0000000082d00000|  0%| F|  |TAMS 0x0000000082c00000, 0x0000000082c00000| Untracked 
|  17|0x0000000082d00000, 0x0000000082d00000, 0x0000000082e00000|  0%| F|  |TAMS 0x0000000082d00000, 0x0000000082d00000| Untracked 
|  18|0x0000000082e00000, 0x0000000082e00000, 0x0000000082f00000|  0%| F|  |TAMS 0x0000000082e00000, 0x0000000082e00000| Untracked 
|  19|0x0000000082f00000, 0x0000000082f00000, 0x0000000083000000|  0%| F|  |TAMS 0x0000000082f00000, 0x0000000082f00000| Untracked 
|  20|0x0000000083000000, 0x0000000083000000, 0x0000000083100000|  0%| F|  |TAMS 0x0000000083000000, 0x0000000083000000| Untracked 
|  21|0x0000000083100000, 0x0000000083100000, 0x0000000083200000|  0%| F|  |TAMS 0x0000000083100000, 0x0000000083100000| Untracked 
|  22|0x0000000083200000, 0x0000000083200000, 0x0000000083300000|  0%| F|  |TAMS 0x0000000083200000, 0x0000000083200000| Untracked 
|  23|0x0000000083300000, 0x0000000083300000, 0x0000000083400000|  0%| F|  |TAMS 0x0000000083300000, 0x0000000083300000| Untracked 
|  24|0x0000000083400000, 0x0000000083400000, 0x0000000083500000|  0%| F|  |TAMS 0x0000000083400000, 0x0000000083400000| Untracked 
|  25|0x0000000083500000, 0x0000000083500000, 0x0000000083600000|  0%| F|  |TAMS 0x0000000083500000, 0x0000000083500000| Untracked 
|  26|0x0000000083600000, 0x0000000083600000, 0x0000000083700000|  0%| F|  |TAMS 0x0000000083600000, 0x0000000083600000| Untracked 
|  27|0x0000000083700000, 0x0000000083700000, 0x0000000083800000|  0%| F|  |TAMS 0x0000000083700000, 0x0000000083700000| Untracked 
|  28|0x0000000083800000, 0x0000000083800000, 0x0000000083900000|  0%| F|  |TAMS 0x0000000083800000, 0x0000000083800000| Untracked 
|  29|0x0000000083900000, 0x0000000083900000, 0x0000000083a00000|  0%| F|  |TAMS 0x0000000083900000, 0x0000000083900000| Untracked 
|  30|0x0000000083a00000, 0x0000000083a00000, 0x0000000083b00000|  0%| F|  |TAMS 0x0000000083a00000, 0x0000000083a00000| Untracked 
|  31|0x0000000083b00000, 0x0000000083b00000, 0x0000000083c00000|  0%| F|  |TAMS 0x0000000083b00000, 0x0000000083b00000| Untracked 
|  32|0x0000000083c00000, 0x0000000083c00000, 0x0000000083d00000|  0%| F|  |TAMS 0x0000000083c00000, 0x0000000083c00000| Untracked 
|  33|0x0000000083d00000, 0x0000000083d00000, 0x0000000083e00000|  0%| F|  |TAMS 0x0000000083d00000, 0x0000000083d00000| Untracked 
|  34|0x0000000083e00000, 0x0000000083e00000, 0x0000000083f00000|  0%| F|  |TAMS 0x0000000083e00000, 0x0000000083e00000| Untracked 
|  35|0x0000000083f00000, 0x0000000083f00000, 0x0000000084000000|  0%| F|  |TAMS 0x0000000083f00000, 0x0000000083f00000| Untracked 
|  36|0x0000000084000000, 0x0000000084000000, 0x0000000084100000|  0%| F|  |TAMS 0x0000000084000000, 0x0000000084000000| Untracked 
|  37|0x0000000084100000, 0x0000000084100000, 0x0000000084200000|  0%| F|  |TAMS 0x0000000084100000, 0x0000000084100000| Untracked 
|  38|0x0000000084200000, 0x0000000084200000, 0x0000000084300000|  0%| F|  |TAMS 0x0000000084200000, 0x0000000084200000| Untracked 
|  39|0x0000000084300000, 0x0000000084300000, 0x0000000084400000|  0%| F|  |TAMS 0x0000000084300000, 0x0000000084300000| Untracked 
|  40|0x0000000084400000, 0x0000000084400000, 0x0000000084500000|  0%| F|  |TAMS 0x0000000084400000, 0x0000000084400000| Untracked 
|  41|0x0000000084500000, 0x0000000084500000, 0x0000000084600000|  0%| F|  |TAMS 0x0000000084500000, 0x0000000084500000| Untracked 
|  42|0x0000000084600000, 0x0000000084600000, 0x0000000084700000|  0%| F|  |TAMS 0x0000000084600000, 0x0000000084600000| Untracked 
|  43|0x0000000084700000, 0x0000000084700000, 0x0000000084800000|  0%| F|  |TAMS 0x0000000084700000, 0x0000000084700000| Untracked 
|  44|0x0000000084800000, 0x0000000084800000, 0x0000000084900000|  0%| F|  |TAMS 0x0000000084800000, 0x0000000084800000| Untracked 
|  45|0x0000000084900000, 0x0000000084900000, 0x0000000084a00000|  0%| F|  |TAMS 0x0000000084900000, 0x0000000084900000| Untracked 
|  46|0x0000000084a00000, 0x0000000084a00000, 0x0000000084b00000|  0%| F|  |TAMS 0x0000000084a00000, 0x0000000084a00000| Untracked 
|  47|0x0000000084b00000, 0x0000000084b00000, 0x0000000084c00000|  0%| F|  |TAMS 0x0000000084b00000, 0x0000000084b00000| Untracked 
|  48|0x0000000084c00000, 0x0000000084c00000, 0x0000000084d00000|  0%| F|  |TAMS 0x0000000084c00000, 0x0000000084c00000| Untracked 
|  49|0x0000000084d00000, 0x0000000084d00000, 0x0000000084e00000|  0%| F|  |TAMS 0x0000000084d00000, 0x0000000084d00000| Untracked 
|  50|0x0000000084e00000, 0x0000000084e00000, 0x0000000084f00000|  0%| F|  |TAMS 0x0000000084e00000, 0x0000000084e00000| Untracked 
|  51|0x0000000084f00000, 0x0000000084f00000, 0x0000000085000000|  0%| F|  |TAMS 0x0000000084f00000, 0x0000000084f00000| Untracked 
|  52|0x0000000085000000, 0x0000000085000000, 0x0000000085100000|  0%| F|  |TAMS 0x0000000085000000, 0x0000000085000000| Untracked 
|  53|0x0000000085100000, 0x0000000085100000, 0x0000000085200000|  0%| F|  |TAMS 0x0000000085100000, 0x0000000085100000| Untracked 
|  54|0x0000000085200000, 0x0000000085200000, 0x0000000085300000|  0%| F|  |TAMS 0x0000000085200000, 0x0000000085200000| Untracked 
|  55|0x0000000085300000, 0x0000000085300000, 0x0000000085400000|  0%| F|  |TAMS 0x0000000085300000, 0x0000000085300000| Untracked 
|  56|0x0000000085400000, 0x0000000085400000, 0x0000000085500000|  0%| F|  |TAMS 0x0000000085400000, 0x0000000085400000| Untracked 
|  57|0x0000000085500000, 0x0000000085500000, 0x0000000085600000|  0%| F|  |TAMS 0x0000000085500000, 0x0000000085500000| Untracked 
|  58|0x0000000085600000, 0x0000000085600000, 0x0000000085700000|  0%| F|  |TAMS 0x0000000085600000, 0x0000000085600000| Untracked 
|  59|0x0000000085700000, 0x0000000085700000, 0x0000000085800000|  0%| F|  |TAMS 0x0000000085700000, 0x0000000085700000| Untracked 
|  60|0x0000000085800000, 0x0000000085800000, 0x0000000085900000|  0%| F|  |TAMS 0x0000000085800000, 0x0000000085800000| Untracked 
|  61|0x0000000085900000, 0x0000000085900000, 0x0000000085a00000|  0%| F|  |TAMS 0x0000000085900000, 0x0000000085900000| Untracked 
|  62|0x0000000085a00000, 0x0000000085a00000, 0x0000000085b00000|  0%| F|  |TAMS 0x0000000085a00000, 0x0000000085a00000| Untracked 
|  63|0x0000000085b00000, 0x0000000085b00000, 0x0000000085c00000|  0%| F|  |TAMS 0x0000000085b00000, 0x0000000085b00000| Untracked 
|  64|0x0000000085c00000, 0x0000000085c00000, 0x0000000085d00000|  0%| F|  |TAMS 0x0000000085c00000, 0x0000000085c00000| Untracked 
|  65|0x0000000085d00000, 0x0000000085d00000, 0x0000000085e00000|  0%| F|  |TAMS 0x0000000085d00000, 0x0000000085d00000| Untracked 
|  66|0x0000000085e00000, 0x0000000085e00000, 0x0000000085f00000|  0%| F|  |TAMS 0x0000000085e00000, 0x0000000085e00000| Untracked 
|  67|0x0000000085f00000, 0x0000000085f00000, 0x0000000086000000|  0%| F|  |TAMS 0x0000000085f00000, 0x0000000085f00000| Untracked 
|  68|0x0000000086000000, 0x0000000086000000, 0x0000000086100000|  0%| F|  |TAMS 0x0000000086000000, 0x0000000086000000| Untracked 
|  69|0x0000000086100000, 0x0000000086100000, 0x0000000086200000|  0%| F|  |TAMS 0x0000000086100000, 0x0000000086100000| Untracked 
|  70|0x0000000086200000, 0x0000000086200000, 0x0000000086300000|  0%| F|  |TAMS 0x0000000086200000, 0x0000000086200000| Untracked 
|  71|0x0000000086300000, 0x0000000086300000, 0x0000000086400000|  0%| F|  |TAMS 0x0000000086300000, 0x0000000086300000| Untracked 
|  72|0x0000000086400000, 0x0000000086400000, 0x0000000086500000|  0%| F|  |TAMS 0x0000000086400000, 0x0000000086400000| Untracked 
|  73|0x0000000086500000, 0x0000000086500000, 0x0000000086600000|  0%| F|  |TAMS 0x0000000086500000, 0x0000000086500000| Untracked 
|  74|0x0000000086600000, 0x0000000086600000, 0x0000000086700000|  0%| F|  |TAMS 0x0000000086600000, 0x0000000086600000| Untracked 
|  75|0x0000000086700000, 0x0000000086700000, 0x0000000086800000|  0%| F|  |TAMS 0x0000000086700000, 0x0000000086700000| Untracked 
|  76|0x0000000086800000, 0x0000000086800000, 0x0000000086900000|  0%| F|  |TAMS 0x0000000086800000, 0x0000000086800000| Untracked 
|  77|0x0000000086900000, 0x0000000086900000, 0x0000000086a00000|  0%| F|  |TAMS 0x0000000086900000, 0x0000000086900000| Untracked 
|  78|0x0000000086a00000, 0x0000000086a00000, 0x0000000086b00000|  0%| F|  |TAMS 0x0000000086a00000, 0x0000000086a00000| Untracked 
|  79|0x0000000086b00000, 0x0000000086b00000, 0x0000000086c00000|  0%| F|  |TAMS 0x0000000086b00000, 0x0000000086b00000| Untracked 
|  80|0x0000000086c00000, 0x0000000086c00000, 0x0000000086d00000|  0%| F|  |TAMS 0x0000000086c00000, 0x0000000086c00000| Untracked 
|  81|0x0000000086d00000, 0x0000000086d00000, 0x0000000086e00000|  0%| F|  |TAMS 0x0000000086d00000, 0x0000000086d00000| Untracked 
|  82|0x0000000086e00000, 0x0000000086e00000, 0x0000000086f00000|  0%| F|  |TAMS 0x0000000086e00000, 0x0000000086e00000| Untracked 
|  83|0x0000000086f00000, 0x0000000086f00000, 0x0000000087000000|  0%| F|  |TAMS 0x0000000086f00000, 0x0000000086f00000| Untracked 
|  84|0x0000000087000000, 0x0000000087000000, 0x0000000087100000|  0%| F|  |TAMS 0x0000000087000000, 0x0000000087000000| Untracked 
|  85|0x0000000087100000, 0x0000000087100000, 0x0000000087200000|  0%| F|  |TAMS 0x0000000087100000, 0x0000000087100000| Untracked 
|  86|0x0000000087200000, 0x0000000087200000, 0x0000000087300000|  0%| F|  |TAMS 0x0000000087200000, 0x0000000087200000| Untracked 
|  87|0x0000000087300000, 0x0000000087300000, 0x0000000087400000|  0%| F|  |TAMS 0x0000000087300000, 0x0000000087300000| Untracked 
|  88|0x0000000087400000, 0x0000000087400000, 0x0000000087500000|  0%| F|  |TAMS 0x0000000087400000, 0x0000000087400000| Untracked 
|  89|0x0000000087500000, 0x0000000087500000, 0x0000000087600000|  0%| F|  |TAMS 0x0000000087500000, 0x0000000087500000| Untracked 
|  90|0x0000000087600000, 0x0000000087600000, 0x0000000087700000|  0%| F|  |TAMS 0x0000000087600000, 0x0000000087600000| Untracked 
|  91|0x0000000087700000, 0x0000000087700000, 0x0000000087800000|  0%| F|  |TAMS 0x0000000087700000, 0x0000000087700000| Untracked 
|  92|0x0000000087800000, 0x0000000087800000, 0x0000000087900000|  0%| F|  |TAMS 0x0000000087800000, 0x0000000087800000| Untracked 
|  93|0x0000000087900000, 0x0000000087900000, 0x0000000087a00000|  0%| F|  |TAMS 0x0000000087900000, 0x0000000087900000| Untracked 
|  94|0x0000000087a00000, 0x0000000087a00000, 0x0000000087b00000|  0%| F|  |TAMS 0x0000000087a00000, 0x0000000087a00000| Untracked 
|  95|0x0000000087b00000, 0x0000000087b00000, 0x0000000087c00000|  0%| F|  |TAMS 0x0000000087b00000, 0x0000000087b00000| Untracked 
|  96|0x0000000087c00000, 0x0000000087c00000, 0x0000000087d00000|  0%| F|  |TAMS 0x0000000087c00000, 0x0000000087c00000| Untracked 
|  97|0x0000000087d00000, 0x0000000087d00000, 0x0000000087e00000|  0%| F|  |TAMS 0x0000000087d00000, 0x0000000087d00000| Untracked 
|  98|0x0000000087e00000, 0x0000000087e00000, 0x0000000087f00000|  0%| F|  |TAMS 0x0000000087e00000, 0x0000000087e00000| Untracked 
|  99|0x0000000087f00000, 0x0000000087f00000, 0x0000000088000000|  0%| F|  |TAMS 0x0000000087f00000, 0x0000000087f00000| Untracked 
| 100|0x0000000088000000, 0x0000000088000000, 0x0000000088100000|  0%| F|  |TAMS 0x0000000088000000, 0x0000000088000000| Untracked 
| 101|0x0000000088100000, 0x0000000088100000, 0x0000000088200000|  0%| F|  |TAMS 0x0000000088100000, 0x0000000088100000| Untracked 
| 102|0x0000000088200000, 0x0000000088200000, 0x0000000088300000|  0%| F|  |TAMS 0x0000000088200000, 0x0000000088200000| Untracked 
| 103|0x0000000088300000, 0x0000000088300000, 0x0000000088400000|  0%| F|  |TAMS 0x0000000088300000, 0x0000000088300000| Untracked 
| 104|0x0000000088400000, 0x0000000088400000, 0x0000000088500000|  0%| F|  |TAMS 0x0000000088400000, 0x0000000088400000| Untracked 
| 105|0x0000000088500000, 0x0000000088500000, 0x0000000088600000|  0%| F|  |TAMS 0x0000000088500000, 0x0000000088500000| Untracked 
| 106|0x0000000088600000, 0x0000000088600000, 0x0000000088700000|  0%| F|  |TAMS 0x0000000088600000, 0x0000000088600000| Untracked 
| 107|0x0000000088700000, 0x0000000088700000, 0x0000000088800000|  0%| F|  |TAMS 0x0000000088700000, 0x0000000088700000| Untracked 
| 108|0x0000000088800000, 0x0000000088800000, 0x0000000088900000|  0%| F|  |TAMS 0x0000000088800000, 0x0000000088800000| Untracked 
| 109|0x0000000088900000, 0x0000000088900000, 0x0000000088a00000|  0%| F|  |TAMS 0x0000000088900000, 0x0000000088900000| Untracked 
| 110|0x0000000088a00000, 0x0000000088a00000, 0x0000000088b00000|  0%| F|  |TAMS 0x0000000088a00000, 0x0000000088a00000| Untracked 
| 111|0x0000000088b00000, 0x0000000088b00000, 0x0000000088c00000|  0%| F|  |TAMS 0x0000000088b00000, 0x0000000088b00000| Untracked 
| 112|0x0000000088c00000, 0x0000000088c00000, 0x0000000088d00000|  0%| F|  |TAMS 0x0000000088c00000, 0x0000000088c00000| Untracked 
| 113|0x0000000088d00000, 0x0000000088d00000, 0x0000000088e00000|  0%| F|  |TAMS 0x0000000088d00000, 0x0000000088d00000| Untracked 
| 114|0x0000000088e00000, 0x0000000088e00000, 0x0000000088f00000|  0%| F|  |TAMS 0x0000000088e00000, 0x0000000088e00000| Untracked 
| 115|0x0000000088f00000, 0x0000000088f00000, 0x0000000089000000|  0%| F|  |TAMS 0x0000000088f00000, 0x0000000088f00000| Untracked 
| 116|0x0000000089000000, 0x0000000089000000, 0x0000000089100000|  0%| F|  |TAMS 0x0000000089000000, 0x0000000089000000| Untracked 
| 117|0x0000000089100000, 0x0000000089100000, 0x0000000089200000|  0%| F|  |TAMS 0x0000000089100000, 0x0000000089100000| Untracked 
| 118|0x0000000089200000, 0x0000000089200000, 0x0000000089300000|  0%| F|  |TAMS 0x0000000089200000, 0x0000000089200000| Untracked 
| 119|0x0000000089300000, 0x0000000089300000, 0x0000000089400000|  0%| F|  |TAMS 0x0000000089300000, 0x0000000089300000| Untracked 
| 120|0x0000000089400000, 0x0000000089400000, 0x0000000089500000|  0%| F|  |TAMS 0x0000000089400000, 0x0000000089400000| Untracked 
| 121|0x0000000089500000, 0x0000000089500000, 0x0000000089600000|  0%| F|  |TAMS 0x0000000089500000, 0x0000000089500000| Untracked 
| 122|0x0000000089600000, 0x0000000089600000, 0x0000000089700000|  0%| F|  |TAMS 0x0000000089600000, 0x0000000089600000| Untracked 
| 123|0x0000000089700000, 0x0000000089700000, 0x0000000089800000|  0%| F|  |TAMS 0x0000000089700000, 0x0000000089700000| Untracked 
| 124|0x0000000089800000, 0x0000000089800000, 0x0000000089900000|  0%| F|  |TAMS 0x0000000089800000, 0x0000000089800000| Untracked 
| 125|0x0000000089900000, 0x00000000899f7180, 0x0000000089a00000| 96%| E|  |TAMS 0x0000000089900000, 0x0000000089900000| Complete 
| 126|0x0000000089a00000, 0x0000000089b00000, 0x0000000089b00000|100%| E|CS|TAMS 0x0000000089a00000, 0x0000000089a00000| Complete 
| 127|0x0000000089b00000, 0x0000000089c00000, 0x0000000089c00000|100%| E|CS|TAMS 0x0000000089b00000, 0x0000000089b00000| Complete 

Card table byte_map: [0x0000015149bb0000,0x0000015149fb0000] _byte_map_base: 0x00000151497a2000

Marking Bits (Prev, Next): (CMBitMap*) 0x0000015132193b98, (CMBitMap*) 0x0000015132193bd0
 Prev Bits: [0x000001514a3b0000, 0x000001514c340000)
 Next Bits: [0x000001514c340000, 0x000001514e2d0000)

Polling page: 0x000001512ff80000

Metaspace:

Usage:
  Non-class:      5.81 MB capacity,     5.73 MB ( 99%) used,    69.08 KB (  1%) free+waste,     3.88 KB ( <1%) overhead. 
      Class:    606.00 KB capacity,   559.98 KB ( 92%) used,    44.21 KB (  7%) free+waste,     1.81 KB ( <1%) overhead. 
       Both:      6.40 MB capacity,     6.28 MB ( 98%) used,   113.29 KB (  2%) free+waste,     5.69 KB ( <1%) overhead. 

Virtual space:
  Non-class space:        8.00 MB reserved,       6.00 MB ( 75%) committed 
      Class space:        1.00 GB reserved,     640.00 KB ( <1%) committed 
             Both:        1.01 GB reserved,       6.63 MB ( <1%) committed 

Chunk freelists:
   Non-Class:  896 bytes
       Class:  256 bytes
        Both:  1.13 KB

CodeHeap 'non-profiled nmethods': size=120000Kb used=68Kb max_used=68Kb free=119931Kb
 bounds [0x0000015141f50000, 0x00000151421c0000, 0x0000015149480000]
CodeHeap 'profiled nmethods': size=120000Kb used=262Kb max_used=262Kb free=119737Kb
 bounds [0x000001513aa20000, 0x000001513ac90000, 0x0000015141f50000]
CodeHeap 'non-nmethods': size=5760Kb used=1130Kb max_used=1141Kb free=4630Kb
 bounds [0x000001513a480000, 0x000001513a6f0000, 0x000001513aa20000]
 total_blobs=619 nmethods=214 adapters=250
 compilation: enabled
              stopped_count=0, restarted_count=0
 full_count=0

Compilation events (10 events):
Event: 0.234 Thread 0x0000015150d34000  210       3       java.lang.AbstractStringBuilder::newCapacity (55 bytes)
Event: 0.234 Thread 0x0000015150d34000 nmethod 210 0x000001513aa60510 code [0x000001513aa606e0, 0x000001513aa60990]
Event: 0.236 Thread 0x0000015150d2f800  211       4       java.lang.StringLatin1::indexOf (61 bytes)
Event: 0.236 Thread 0x0000015150d34000  212       3       java.util.Arrays::copyOf (19 bytes)
Event: 0.236 Thread 0x0000015150d34000 nmethod 212 0x000001513aa60a90 code [0x000001513aa60c60, 0x000001513aa60fb0]
Event: 0.239 Thread 0x0000015150d2f800 nmethod 211 0x0000015141f60a10 code [0x0000015141f60ba0, 0x0000015141f60d58]
Event: 0.240 Thread 0x0000015150d34000  213       3       java.lang.String::charAt (25 bytes)
Event: 0.240 Thread 0x0000015150d2f800  214       4       java.lang.StringLatin1::charAt (28 bytes)
Event: 0.240 Thread 0x0000015150d34000 nmethod 213 0x000001513aa61110 code [0x000001513aa61320, 0x000001513aa618a0]
Event: 0.241 Thread 0x0000015150d2f800 nmethod 214 0x0000015141f60e90 code [0x0000015141f61020, 0x0000015141f610f8]

GC Heap History (0 events):
No events

Deoptimization events (2 events):
Event: 0.206 Thread 0x0000015132153800 Uncommon trap: reason=unstable_if action=reinterpret pc=0x0000015141f5f07c method=java.lang.String.isLatin1()Z @ 10 c2
Event: 0.239 Thread 0x0000015132153800 Uncommon trap: reason=unstable_if action=reinterpret pc=0x0000015141f5f378 method=java.lang.String.isLatin1()Z @ 10 c2

Classes redefined (7 events):
Event: 580.135 Thread 0x0000015150d26800 redefined class name=ConvSort, count=1
Event: 865.759 Thread 0x0000015150d26800 redefined class name=ConvSort, count=2
Event: 898.097 Thread 0x0000015150d26800 redefined class name=ConvSort, count=3
Event: 959.525 Thread 0x0000015150d26800 redefined class name=ConvSort, count=4
Event: 1105.535 Thread 0x0000015150d26800 redefined class name=ConvSort, count=5
Event: 1150.483 Thread 0x0000015150d26800 redefined class name=ConvSort, count=6
Event: 1636.390 Thread 0x0000015150d26800 redefined class name=ConvSort, count=7

Internal exceptions (0 events):
No events

Events (10 events):
Event: 148515.761 Executing VM operation: GetFrameCount done
Event: 148515.761 Executing VM operation: GetFrameCount
Event: 148515.762 Executing VM operation: GetFrameCount done
Event: 148515.762 Executing VM operation: GetStackTrace
Event: 148515.762 Executing VM operation: GetStackTrace done
Event: 148515.763 Executing VM operation: GetFrameCount
Event: 148515.763 Executing VM operation: GetFrameCount done
Event: 148515.763 Executing VM operation: GetStackTrace
Event: 148515.763 Executing VM operation: GetStackTrace done
Event: 148515.764 Executing VM operation: GetOrSetLocal


Dynamic libraries:
0x00007ff69bc30000 - 0x00007ff69bc77000 	C:\Program Files\Java\jdk-11\bin\java.exe
0x00007ffc2a830000 - 0x00007ffc2aa11000 	C:\WINDOWS\SYSTEM32\ntdll.dll
0x00007ffc28830000 - 0x00007ffc288e2000 	C:\WINDOWS\System32\KERNEL32.DLL
0x00007ffc274b0000 - 0x00007ffc27723000 	C:\WINDOWS\System32\KERNELBASE.dll
0x00007ffc288f0000 - 0x00007ffc28991000 	C:\WINDOWS\System32\ADVAPI32.dll
0x00007ffc28cd0000 - 0x00007ffc28d6e000 	C:\WINDOWS\System32\msvcrt.dll
0x00007ffc28430000 - 0x00007ffc2848b000 	C:\WINDOWS\System32\sechost.dll
0x00007ffc28270000 - 0x00007ffc28394000 	C:\WINDOWS\System32\RPCRT4.dll
0x00007ffc28670000 - 0x00007ffc28800000 	C:\WINDOWS\System32\USER32.dll
0x00007ffc27c50000 - 0x00007ffc27c70000 	C:\WINDOWS\System32\win32u.dll
0x00007ffc28800000 - 0x00007ffc28828000 	C:\WINDOWS\System32\GDI32.dll
0x00007ffc27310000 - 0x00007ffc274a2000 	C:\WINDOWS\System32\gdi32full.dll
0x00007ffc27730000 - 0x00007ffc277cf000 	C:\WINDOWS\System32\msvcp_win.dll
0x00007ffc277d0000 - 0x00007ffc278ca000 	C:\WINDOWS\System32\ucrtbase.dll
0x00007ffc16580000 - 0x00007ffc167e9000 	C:\WINDOWS\WinSxS\amd64_microsoft.windows.common-controls_6595b64144ccf1df_6.0.17134.345_none_fb429a5930656358\COMCTL32.dll
0x00007ffc1a700000 - 0x00007ffc1a70a000 	C:\WINDOWS\SYSTEM32\VERSION.dll
0x00007ffc28e20000 - 0x00007ffc29143000 	C:\WINDOWS\System32\combase.dll
0x00007ffc27bd0000 - 0x00007ffc27c4a000 	C:\WINDOWS\System32\bcryptPrimitives.dll
0x00007ffc28400000 - 0x00007ffc2842d000 	C:\WINDOWS\System32\IMM32.DLL
0x00007ffc23680000 - 0x00007ffc23696000 	C:\Program Files\Java\jdk-11\bin\vcruntime140.dll
0x00007ffc20d80000 - 0x00007ffc20e2a000 	C:\Program Files\Java\jdk-11\bin\msvcp140.dll
0x00007ffbf4f90000 - 0x00007ffbf5ad2000 	C:\Program Files\Java\jdk-11\bin\server\jvm.dll
0x00007ffc28590000 - 0x00007ffc28598000 	C:\WINDOWS\System32\PSAPI.DLL
0x00007ffc1a710000 - 0x00007ffc1a719000 	C:\WINDOWS\SYSTEM32\WSOCK32.dll
0x00007ffc1a420000 - 0x00007ffc1a443000 	C:\WINDOWS\SYSTEM32\WINMM.dll
0x00007ffc28600000 - 0x00007ffc2866c000 	C:\WINDOWS\System32\WS2_32.dll
0x00007ffc19ec0000 - 0x00007ffc19eea000 	C:\WINDOWS\SYSTEM32\WINMMBASE.dll
0x00007ffc27c70000 - 0x00007ffc27cb9000 	C:\WINDOWS\System32\cfgmgr32.dll
0x00007ffc26bb0000 - 0x00007ffc26bc1000 	C:\WINDOWS\System32\kernel.appcore.dll
0x00007ffc22af0000 - 0x00007ffc22b01000 	C:\Program Files\Java\jdk-11\bin\verify.dll
0x00007ffc25580000 - 0x00007ffc25749000 	C:\WINDOWS\SYSTEM32\DBGHELP.DLL
0x00007ffc20f40000 - 0x00007ffc20f69000 	C:\WINDOWS\SYSTEM32\dbgcore.DLL
0x00007ffc22a20000 - 0x00007ffc22a49000 	C:\Program Files\Java\jdk-11\bin\java.dll
0x00007ffc12f90000 - 0x00007ffc12fc7000 	C:\Program Files\Java\jdk-11\bin\jdwp.dll
0x00007ffc21b90000 - 0x00007ffc21bbf000 	C:\Program Files\Java\jdk-11\bin\instrument.dll
0x00007ffc20d60000 - 0x00007ffc20d76000 	C:\Program Files\Java\jdk-11\bin\zip.dll
0x00007ffc231d0000 - 0x00007ffc231da000 	C:\Program Files\Java\jdk-11\bin\jimage.dll
0x00007ffc292a0000 - 0x00007ffc2a6df000 	C:\WINDOWS\System32\SHELL32.dll
0x00007ffc28d70000 - 0x00007ffc28e19000 	C:\WINDOWS\System32\shcore.dll
0x00007ffc26c00000 - 0x00007ffc2730d000 	C:\WINDOWS\System32\windows.storage.dll
0x00007ffc283a0000 - 0x00007ffc283f1000 	C:\WINDOWS\System32\shlwapi.dll
0x00007ffc26bd0000 - 0x00007ffc26bef000 	C:\WINDOWS\System32\profapi.dll
0x00007ffc26b40000 - 0x00007ffc26b8c000 	C:\WINDOWS\System32\powrprof.dll
0x00007ffc26bf0000 - 0x00007ffc26bfa000 	C:\WINDOWS\System32\FLTLIB.DLL
0x00007ffc24230000 - 0x00007ffc2423a000 	C:\Program Files\Java\jdk-11\bin\dt_socket.dll
0x00007ffc263c0000 - 0x00007ffc26426000 	C:\WINDOWS\system32\mswsock.dll
0x00007ffc20d40000 - 0x00007ffc20d59000 	C:\Program Files\Java\jdk-11\bin\net.dll
0x00007ffc1e6b0000 - 0x00007ffc1e78c000 	C:\WINDOWS\SYSTEM32\WINHTTP.dll
0x00007ffc20d20000 - 0x00007ffc20d33000 	C:\Program Files\Java\jdk-11\bin\nio.dll

dbghelp: loaded successfully - version: 4.0.5 - missing functions: none
symbol engine: initialized successfully - sym options: 0x614 - pdb path: .;C:\Program Files\Java\jdk-11\bin;C:\WINDOWS\SYSTEM32;C:\WINDOWS\WinSxS\amd64_microsoft.windows.common-controls_6595b64144ccf1df_6.0.17134.345_none_fb429a5930656358;C:\Program Files\Java\jdk-11\bin\server

VM Arguments:
jvm_args: -agentlib:jdwp=transport=dt_socket,address=127.0.0.1:63305,suspend=y,server=n -javaagent:C:\Users\Duck\.IntelliJIdea2018.2\system\captureAgent\debugger-agent.jar=file:/C:/Users/Duck/AppData/Local/Temp/capture.props -Dfile.encoding=UTF-8 
java_command: ConvSort
java_class_path (initial): C:\Users\Duck\IdeaProjects\convsort2\out\production\convsort2;C:\Program Files\JetBrains\IntelliJ IDEA 2018.2.4\lib\idea_rt.jar
Launcher Type: SUN_STANDARD

[Global flags]
     intx CICompilerCount                          = 4                                         {product} {ergonomic}
     uint ConcGCThreads                            = 2                                         {product} {ergonomic}
     uint G1ConcRefinementThreads                  = 8                                         {product} {ergonomic}
   size_t G1HeapRegionSize                         = 1048576                                   {product} {ergonomic}
    uintx GCDrainStackTargetSize                   = 64                                        {product} {ergonomic}
   size_t InitialHeapSize                          = 134217728                                 {product} {ergonomic}
   size_t MarkStackSize                            = 4194304                                   {product} {ergonomic}
   size_t MaxHeapSize                              = 2118123520                                {product} {ergonomic}
   size_t MaxNewSize                               = 1270874112                                {product} {ergonomic}
   size_t MinHeapDeltaBytes                        = 1048576                                   {product} {ergonomic}
    uintx NonNMethodCodeHeapSize                   = 5835340                                {pd product} {ergonomic}
    uintx NonProfiledCodeHeapSize                  = 122911450                              {pd product} {ergonomic}
    uintx ProfiledCodeHeapSize                     = 122911450                              {pd product} {ergonomic}
    uintx ReservedCodeCacheSize                    = 251658240                              {pd product} {ergonomic}
     bool SegmentedCodeCache                       = true                                      {product} {ergonomic}
     bool UseCompressedClassPointers               = true                                 {lp64_product} {ergonomic}
     bool UseCompressedOops                        = true                                 {lp64_product} {ergonomic}
     bool UseG1GC                                  = true                                      {product} {ergonomic}
     bool UseLargePagesIndividualAllocation        = false                                  {pd product} {ergonomic}

Logging:
Log output configuration:
 #0: stdout all=warning uptime,level,tags
 #1: stderr all=off uptime,level,tags

Environment Variables:
PATH=C:\Program Files (x86)\Intel\iCLS Client\;C:\Program Files\Intel\iCLS Client\;C:\WINDOWS\system32;C:\WINDOWS;C:\WINDOWS\System32\Wbem;C:\WINDOWS\System32\WindowsPowerShell\v1.0\;C:\Program Files (x86)\Intel\Intel(R) Management Engine Components\DAL;C:\Program Files\Intel\Intel(R) Management Engine Components\DAL;C:\Program Files (x86)\Intel\Intel(R) Management Engine Components\IPT;C:\Program Files\Intel\Intel(R) Management Engine Components\IPT;C:\Program Files\Intel\WiFi\bin\;C:\Program Files\Common Files\Intel\WirelessCommon\;C:\Program Files\Git\cmd;C:\Program Files\PuTTY\;C:\WINDOWS\System32\OpenSSH\;C:\Users\Duck\AppData\Local\Microsoft\WindowsApps;;C:\Users\Duck\AppData\Local\Programs\Microsoft VS Code\bin
USERNAME=Duck
OS=Windows_NT
PROCESSOR_IDENTIFIER=Intel64 Family 6 Model 142 Stepping 10, GenuineIntel



---------------  S Y S T E M  ---------------

OS: Windows 10 , 64 bit Build 17134 (10.0.17134.1)

CPU:total 8 (initial active 8) (4 cores per cpu, 2 threads per core) family 6 model 142 stepping 10, cmov, cx8, fxsr, mmx, sse, sse2, sse3, ssse3, sse4.1, sse4.2, popcnt, avx, avx2, aes, clmul, erms, 3dnowpref, lzcnt, ht, tsc, tscinvbit, bmi1, bmi2, adx, fma

Memory: 4k page, system-wide physical 8075M (3249M free)
TotalPageFile size 11070M (AvailPageFile size 2184M)
current process WorkingSet (physical memory assigned to process): 15M, peak: 37M
current process commit charge ("private bytes"): 206M, peak: 208M

vm_info: Java HotSpot(TM) 64-Bit Server VM (11+28) for windows-amd64 JRE (11+28), built on Aug 23 2018 03:03:59 by "mach5one" with MS VC++ 15.5 (VS2017)

END.
