#
# A fatal error has been detected by the Java Runtime Environment:
#
#  EXCEPTION_ACCESS_VIOLATION (0xc0000005) at pc=0x00007ffbf564fc7b, pid=21740, tid=17816
#
# JRE version: Java(TM) SE Runtime Environment (11.0+28) (build 11+28)
# Java VM: Java HotSpot(TM) 64-Bit Server VM (11+28, mixed mode, tiered, compressed oops, g1 gc, windows-amd64)
# Problematic frame:
# V  [jvm.dll+0x6bfc7b]
#
# No core dump will be written. Minidumps are not enabled by default on client versions of Windows
#
# If you would like to submit a bug report, please visit:
#   http://bugreport.java.com/bugreport/crash.jsp
#

---------------  S U M M A R Y ------------

Command Line: -agentlib:jdwp=transport=dt_socket,address=127.0.0.1:63335,suspend=y,server=n -javaagent:C:\Users\Duck\.IntelliJIdea2018.2\system\captureAgent\debugger-agent.jar=file:/C:/Users/Duck/AppData/Local/Temp/capture.props -Dfile.encoding=UTF-8 ConvSort

Host: Intel(R) Core(TM) i5-8250U CPU @ 1.60GHz, 8 cores, 7G,  Windows 10 , 64 bit Build 17134 (10.0.17134.1)
Time: Fri Oct 19 09:39:53 2018 Pacific Daylight Time elapsed time: 147591 seconds (1d 16h 59m 51s)

---------------  T H R E A D  ---------------

Current thread (0x00000216e4a2f800):  VMThread "VM Thread" [stack: 0x0000007737e00000,0x0000007737f00000] [id=17816]

Stack: [0x0000007737e00000,0x0000007737f00000],  sp=0x0000007737efec00,  free space=1019k
Native frames: (J=compiled Java code, j=interpreted, Vv=VM code, C=native code)
V  [jvm.dll+0x6bfc7b]
V  [jvm.dll+0x344753]
V  [jvm.dll+0x3466bf]
V  [jvm.dll+0x346f1e]
V  [jvm.dll+0x3443bc]
V  [jvm.dll+0x343662]
V  [jvm.dll+0x62b365]
V  [jvm.dll+0x62b0ed]
V  [jvm.dll+0x5f0baa]
V  [jvm.dll+0x503f47]
V  [jvm.dll+0x78179c]
V  [jvm.dll+0x77fc57]
V  [jvm.dll+0x780480]
V  [jvm.dll+0x78078f]
V  [jvm.dll+0x63b2c2]
C  [ucrtbase.dll+0x1c4ce]
C  [KERNEL32.DLL+0x13034]
C  [ntdll.dll+0x71461]


siginfo: EXCEPTION_ACCESS_VIOLATION (0xc0000005), reading address 0x0000000000000006


Register to memory mapping:

RIP=0x00007ffbf564fc7b jvm.dll
RAX=0x0000007737efec90 points into unknown readable memory
RBX=0x0000007737efec60 points into unknown readable memory
RCX=0x0 is NULL
RDX=0x0 is NULL
RSP=0x0000007737efec00 points into unknown readable memory
RBP=0x0000007737eff170 points into unknown readable memory
RSI=0x0 is NULL
RDI=0x0 is NULL
R8 =0x0 is NULL
R9 =0x00000216e4feb130 is pointing into metadata
R10=0x00007ffbf4f90000 jvm.dll
R11=0x00000216e49e5050 points into unknown readable memory
R12=0x00000216e49e4fb0 points into unknown readable memory
R13=0x0000000000000140 is an unknown value
R14=0x00000216e4feb653 is pointing into metadata
R15=0x0000000000000088 is an unknown value


Registers:
RAX=0x0000007737efec90, RBX=0x0000007737efec60, RCX=0x0000000000000000, RDX=0x0000000000000000
RSP=0x0000007737efec00, RBP=0x0000007737eff170, RSI=0x0000000000000000, RDI=0x0000000000000000
R8 =0x0000000000000000, R9 =0x00000216e4feb130, R10=0x00007ffbf4f90000, R11=0x00000216e49e5050
R12=0x00000216e49e4fb0, R13=0x0000000000000140, R14=0x00000216e4feb653, R15=0x0000000000000088
RIP=0x00007ffbf564fc7b, EFLAGS=0x0000000000010246

Top of Stack: (sp=0x0000007737efec00)
0x0000007737efec00:   0000007737efec60 0000000000000000
0x0000007737efec10:   0000000000000000 00007ffbf56501b3
0x0000007737efec20:   0000000000000001 00007ffbf52d4753
0x0000007737efec30:   0000000000000000 0000007737eff2e0
0x0000007737efec40:   0000007737eff210 00007ffbf564fdf7
0x0000007737efec50:   0000007737efecb0 0000000000000000
0x0000007737efec60:   00007ffbf5825c08 0000000000000000
0x0000007737efec70:   0000000000000000 00007ffb00000004
0x0000007737efec80:   0000007737efec90 0000007700000000
0x0000007737efec90:   000000002fffffff 00000216e49e506c
0x0000007737efeca0:   4fffffff4fffffff 00007ffc277d5dc6
0x0000007737efecb0:   00007ffbf5825c08 00000216e490e208
0x0000007737efecc0:   0000000000000002 000000000000000e
0x0000007737efecd0:   0000007737efecf0 00007ffc00000001
0x0000007737efece0:   0000000000000000 00007ffbf56501b3
0x0000007737efecf0:   00009b4b4fffffff 0000000000000000 

Instructions: (pc=0x00007ffbf564fc7b)
0x00007ffbf564fc5b:   cc cc cc cc cc 40 53 48 83 ec 20 c7 41 10 00 00
0x00007ffbf564fc6b:   00 00 48 8b d9 48 89 7c 24 38 48 8b 79 08 33 c9
0x00007ffbf564fc7b:   80 7f 06 28 74 26 44 8d 49 28 8d 51 35 48 8d 0d
0x00007ffbf564fc8b:   a1 45 22 00 4c 8d 05 8a 45 22 00 e8 95 28 ba ff 


VM_Operation (0x00000077388ff7b0): GetOrSetLocal, mode: safepoint, requested by thread 0x00000216e55af000


---------------  P R O C E S S  ---------------

Threads class SMR info:
_java_thread_list=0x00000216e555dad0, length=13, elements={
0x00000216c3e67800, 0x00000216e4a31800, 0x00000216e4a3b000, 0x00000216e52c3800,
0x00000216e4a47000, 0x00000216e4a49000, 0x00000216e5274000, 0x00000216e52c9000,
0x00000216e49e5800, 0x00000216e55af000, 0x00000216e55b0800, 0x00000216e552f000,
0x00000216e555c800
}

Java Threads: ( => current thread )
  0x00000216c3e67800 JavaThread "main" [_thread_blocked, id=21760, stack(0x0000007737800000,0x0000007737900000)]
  0x00000216e4a31800 JavaThread "Reference Handler" daemon [_thread_blocked, id=19744, stack(0x0000007737f00000,0x0000007738000000)]
  0x00000216e4a3b000 JavaThread "Finalizer" daemon [_thread_blocked, id=19052, stack(0x0000007738000000,0x0000007738100000)]
  0x00000216e52c3800 JavaThread "Signal Dispatcher" daemon [_thread_blocked, id=4968, stack(0x0000007738100000,0x0000007738200000)]
  0x00000216e4a47000 JavaThread "Attach Listener" daemon [_thread_blocked, id=19224, stack(0x0000007738200000,0x0000007738300000)]
  0x00000216e4a49000 JavaThread "C2 CompilerThread0" daemon [_thread_blocked, id=12624, stack(0x0000007738300000,0x0000007738400000)]
  0x00000216e5274000 JavaThread "C1 CompilerThread0" daemon [_thread_blocked, id=22788, stack(0x0000007738400000,0x0000007738500000)]
  0x00000216e52c9000 JavaThread "Sweeper thread" daemon [_thread_blocked, id=8172, stack(0x0000007738500000,0x0000007738600000)]
  0x00000216e49e5800 JavaThread "Common-Cleaner" daemon [_thread_blocked, id=17276, stack(0x0000007738600000,0x0000007738700000)]
  0x00000216e55af000 JavaThread "JDWP Transport Listener: dt_socket" daemon [_thread_blocked, id=13332, stack(0x0000007738800000,0x0000007738900000)] _threads_hazard_ptr=0x00000216e555dad0
  0x00000216e55b0800 JavaThread "JDWP Event Helper Thread" daemon [_thread_blocked, id=1780, stack(0x0000007738900000,0x0000007738a00000)]
  0x00000216e552f000 JavaThread "JDWP Command Reader" daemon [_thread_in_native, id=17040, stack(0x0000007738a00000,0x0000007738b00000)]
  0x00000216e555c800 JavaThread "Service Thread" daemon [_thread_blocked, id=18332, stack(0x0000007738b00000,0x0000007738c00000)]

Other Threads:
=>0x00000216e4a2f800 VMThread "VM Thread" [stack: 0x0000007737e00000,0x0000007737f00000] [id=17816]
  0x00000216e5747800 WatcherThread [stack: 0x0000007738c00000,0x0000007738d00000] [id=22428]
  0x00000216c3e7f800 GCTaskThread "GC Thread#0" [stack: 0x0000007737900000,0x0000007737a00000] [id=21572]
  0x00000216c3eb1000 ConcurrentGCThread "G1 Main Marker" [stack: 0x0000007737a00000,0x0000007737b00000] [id=17688]
  0x00000216c3eb4000 ConcurrentGCThread "G1 Conc#0" [stack: 0x0000007737b00000,0x0000007737c00000] [id=20680]
  0x00000216c3f3d800 ConcurrentGCThread "G1 Refine#0" [stack: 0x0000007737c00000,0x0000007737d00000] [id=23504]
  0x00000216e488f800 ConcurrentGCThread "G1 Young RemSet Sampling" [stack: 0x0000007737d00000,0x0000007737e00000] [id=18560]

Threads with active compile tasks:

VM state:at safepoint (normal execution)

VM Mutex/Monitor currently owned by a thread:  ([mutex/lock_event])
[0x00000216c3e655c0] Threads_lock - owner thread: 0x00000216e4a2f800

Heap address: 0x0000000081c00000, size: 2020 MB, Compressed Oops mode: 32-bit
Narrow klass base: 0x0000000000000000, Narrow klass shift: 3
Compressed class space size: 1073741824 Address: 0x0000000100000000

Heap:
 garbage-first heap   total 131072K, used 2048K [0x0000000081c00000, 0x0000000100000000)
  region size 1024K, 3 young (3072K), 0 survivors (0K)
 Metaspace       used 6411K, capacity 6551K, committed 6784K, reserved 1056768K
  class space    used 558K, capacity 606K, committed 640K, reserved 1048576K
Heap Regions: E=young(eden), S=young(survivor), O=old, HS=humongous(starts), HC=humongous(continues), CS=collection set, F=free, A=archive, TAMS=top-at-mark-start (previous, next)
|   0|0x0000000081c00000, 0x0000000081c00000, 0x0000000081d00000|  0%| F|  |TAMS 0x0000000081c00000, 0x0000000081c00000| Untracked 
|   1|0x0000000081d00000, 0x0000000081d00000, 0x0000000081e00000|  0%| F|  |TAMS 0x0000000081d00000, 0x0000000081d00000| Untracked 
|   2|0x0000000081e00000, 0x0000000081e00000, 0x0000000081f00000|  0%| F|  |TAMS 0x0000000081e00000, 0x0000000081e00000| Untracked 
|   3|0x0000000081f00000, 0x0000000081f00000, 0x0000000082000000|  0%| F|  |TAMS 0x0000000081f00000, 0x0000000081f00000| Untracked 
|   4|0x0000000082000000, 0x0000000082000000, 0x0000000082100000|  0%| F|  |TAMS 0x0000000082000000, 0x0000000082000000| Untracked 
|   5|0x0000000082100000, 0x0000000082100000, 0x0000000082200000|  0%| F|  |TAMS 0x0000000082100000, 0x0000000082100000| Untracked 
|   6|0x0000000082200000, 0x0000000082200000, 0x0000000082300000|  0%| F|  |TAMS 0x0000000082200000, 0x0000000082200000| Untracked 
|   7|0x0000000082300000, 0x0000000082300000, 0x0000000082400000|  0%| F|  |TAMS 0x0000000082300000, 0x0000000082300000| Untracked 
|   8|0x0000000082400000, 0x0000000082400000, 0x0000000082500000|  0%| F|  |TAMS 0x0000000082400000, 0x0000000082400000| Untracked 
|   9|0x0000000082500000, 0x0000000082500000, 0x0000000082600000|  0%| F|  |TAMS 0x0000000082500000, 0x0000000082500000| Untracked 
|  10|0x0000000082600000, 0x0000000082600000, 0x0000000082700000|  0%| F|  |TAMS 0x0000000082600000, 0x0000000082600000| Untracked 
|  11|0x0000000082700000, 0x0000000082700000, 0x0000000082800000|  0%| F|  |TAMS 0x0000000082700000, 0x0000000082700000| Untracked 
|  12|0x0000000082800000, 0x0000000082800000, 0x0000000082900000|  0%| F|  |TAMS 0x0000000082800000, 0x0000000082800000| Untracked 
|  13|0x0000000082900000, 0x0000000082900000, 0x0000000082a00000|  0%| F|  |TAMS 0x0000000082900000, 0x0000000082900000| Untracked 
|  14|0x0000000082a00000, 0x0000000082a00000, 0x0000000082b00000|  0%| F|  |TAMS 0x0000000082a00000, 0x0000000082a00000| Untracked 
|  15|0x0000000082b00000, 0x0000000082b00000, 0x0000000082c00000|  0%| F|  |TAMS 0x0000000082b00000, 0x0000000082b00000| Untracked 
|  16|0x0000000082c00000, 0x0000000082c00000, 0x0000000082d00000|  0%| F|  |TAMS 0x0000000082c00000, 0x0000000082c00000| Untracked 
|  17|0x0000000082d00000, 0x0000000082d00000, 0x0000000082e00000|  0%| F|  |TAMS 0x0000000082d00000, 0x0000000082d00000| Untracked 
|  18|0x0000000082e00000, 0x0000000082e00000, 0x0000000082f00000|  0%| F|  |TAMS 0x0000000082e00000, 0x0000000082e00000| Untracked 
|  19|0x0000000082f00000, 0x0000000082f00000, 0x0000000083000000|  0%| F|  |TAMS 0x0000000082f00000, 0x0000000082f00000| Untracked 
|  20|0x0000000083000000, 0x0000000083000000, 0x0000000083100000|  0%| F|  |TAMS 0x0000000083000000, 0x0000000083000000| Untracked 
|  21|0x0000000083100000, 0x0000000083100000, 0x0000000083200000|  0%| F|  |TAMS 0x0000000083100000, 0x0000000083100000| Untracked 
|  22|0x0000000083200000, 0x0000000083200000, 0x0000000083300000|  0%| F|  |TAMS 0x0000000083200000, 0x0000000083200000| Untracked 
|  23|0x0000000083300000, 0x0000000083300000, 0x0000000083400000|  0%| F|  |TAMS 0x0000000083300000, 0x0000000083300000| Untracked 
|  24|0x0000000083400000, 0x0000000083400000, 0x0000000083500000|  0%| F|  |TAMS 0x0000000083400000, 0x0000000083400000| Untracked 
|  25|0x0000000083500000, 0x0000000083500000, 0x0000000083600000|  0%| F|  |TAMS 0x0000000083500000, 0x0000000083500000| Untracked 
|  26|0x0000000083600000, 0x0000000083600000, 0x0000000083700000|  0%| F|  |TAMS 0x0000000083600000, 0x0000000083600000| Untracked 
|  27|0x0000000083700000, 0x0000000083700000, 0x0000000083800000|  0%| F|  |TAMS 0x0000000083700000, 0x0000000083700000| Untracked 
|  28|0x0000000083800000, 0x0000000083800000, 0x0000000083900000|  0%| F|  |TAMS 0x0000000083800000, 0x0000000083800000| Untracked 
|  29|0x0000000083900000, 0x0000000083900000, 0x0000000083a00000|  0%| F|  |TAMS 0x0000000083900000, 0x0000000083900000| Untracked 
|  30|0x0000000083a00000, 0x0000000083a00000, 0x0000000083b00000|  0%| F|  |TAMS 0x0000000083a00000, 0x0000000083a00000| Untracked 
|  31|0x0000000083b00000, 0x0000000083b00000, 0x0000000083c00000|  0%| F|  |TAMS 0x0000000083b00000, 0x0000000083b00000| Untracked 
|  32|0x0000000083c00000, 0x0000000083c00000, 0x0000000083d00000|  0%| F|  |TAMS 0x0000000083c00000, 0x0000000083c00000| Untracked 
|  33|0x0000000083d00000, 0x0000000083d00000, 0x0000000083e00000|  0%| F|  |TAMS 0x0000000083d00000, 0x0000000083d00000| Untracked 
|  34|0x0000000083e00000, 0x0000000083e00000, 0x0000000083f00000|  0%| F|  |TAMS 0x0000000083e00000, 0x0000000083e00000| Untracked 
|  35|0x0000000083f00000, 0x0000000083f00000, 0x0000000084000000|  0%| F|  |TAMS 0x0000000083f00000, 0x0000000083f00000| Untracked 
|  36|0x0000000084000000, 0x0000000084000000, 0x0000000084100000|  0%| F|  |TAMS 0x0000000084000000, 0x0000000084000000| Untracked 
|  37|0x0000000084100000, 0x0000000084100000, 0x0000000084200000|  0%| F|  |TAMS 0x0000000084100000, 0x0000000084100000| Untracked 
|  38|0x0000000084200000, 0x0000000084200000, 0x0000000084300000|  0%| F|  |TAMS 0x0000000084200000, 0x0000000084200000| Untracked 
|  39|0x0000000084300000, 0x0000000084300000, 0x0000000084400000|  0%| F|  |TAMS 0x0000000084300000, 0x0000000084300000| Untracked 
|  40|0x0000000084400000, 0x0000000084400000, 0x0000000084500000|  0%| F|  |TAMS 0x0000000084400000, 0x0000000084400000| Untracked 
|  41|0x0000000084500000, 0x0000000084500000, 0x0000000084600000|  0%| F|  |TAMS 0x0000000084500000, 0x0000000084500000| Untracked 
|  42|0x0000000084600000, 0x0000000084600000, 0x0000000084700000|  0%| F|  |TAMS 0x0000000084600000, 0x0000000084600000| Untracked 
|  43|0x0000000084700000, 0x0000000084700000, 0x0000000084800000|  0%| F|  |TAMS 0x0000000084700000, 0x0000000084700000| Untracked 
|  44|0x0000000084800000, 0x0000000084800000, 0x0000000084900000|  0%| F|  |TAMS 0x0000000084800000, 0x0000000084800000| Untracked 
|  45|0x0000000084900000, 0x0000000084900000, 0x0000000084a00000|  0%| F|  |TAMS 0x0000000084900000, 0x0000000084900000| Untracked 
|  46|0x0000000084a00000, 0x0000000084a00000, 0x0000000084b00000|  0%| F|  |TAMS 0x0000000084a00000, 0x0000000084a00000| Untracked 
|  47|0x0000000084b00000, 0x0000000084b00000, 0x0000000084c00000|  0%| F|  |TAMS 0x0000000084b00000, 0x0000000084b00000| Untracked 
|  48|0x0000000084c00000, 0x0000000084c00000, 0x0000000084d00000|  0%| F|  |TAMS 0x0000000084c00000, 0x0000000084c00000| Untracked 
|  49|0x0000000084d00000, 0x0000000084d00000, 0x0000000084e00000|  0%| F|  |TAMS 0x0000000084d00000, 0x0000000084d00000| Untracked 
|  50|0x0000000084e00000, 0x0000000084e00000, 0x0000000084f00000|  0%| F|  |TAMS 0x0000000084e00000, 0x0000000084e00000| Untracked 
|  51|0x0000000084f00000, 0x0000000084f00000, 0x0000000085000000|  0%| F|  |TAMS 0x0000000084f00000, 0x0000000084f00000| Untracked 
|  52|0x0000000085000000, 0x0000000085000000, 0x0000000085100000|  0%| F|  |TAMS 0x0000000085000000, 0x0000000085000000| Untracked 
|  53|0x0000000085100000, 0x0000000085100000, 0x0000000085200000|  0%| F|  |TAMS 0x0000000085100000, 0x0000000085100000| Untracked 
|  54|0x0000000085200000, 0x0000000085200000, 0x0000000085300000|  0%| F|  |TAMS 0x0000000085200000, 0x0000000085200000| Untracked 
|  55|0x0000000085300000, 0x0000000085300000, 0x0000000085400000|  0%| F|  |TAMS 0x0000000085300000, 0x0000000085300000| Untracked 
|  56|0x0000000085400000, 0x0000000085400000, 0x0000000085500000|  0%| F|  |TAMS 0x0000000085400000, 0x0000000085400000| Untracked 
|  57|0x0000000085500000, 0x0000000085500000, 0x0000000085600000|  0%| F|  |TAMS 0x0000000085500000, 0x0000000085500000| Untracked 
|  58|0x0000000085600000, 0x0000000085600000, 0x0000000085700000|  0%| F|  |TAMS 0x0000000085600000, 0x0000000085600000| Untracked 
|  59|0x0000000085700000, 0x0000000085700000, 0x0000000085800000|  0%| F|  |TAMS 0x0000000085700000, 0x0000000085700000| Untracked 
|  60|0x0000000085800000, 0x0000000085800000, 0x0000000085900000|  0%| F|  |TAMS 0x0000000085800000, 0x0000000085800000| Untracked 
|  61|0x0000000085900000, 0x0000000085900000, 0x0000000085a00000|  0%| F|  |TAMS 0x0000000085900000, 0x0000000085900000| Untracked 
|  62|0x0000000085a00000, 0x0000000085a00000, 0x0000000085b00000|  0%| F|  |TAMS 0x0000000085a00000, 0x0000000085a00000| Untracked 
|  63|0x0000000085b00000, 0x0000000085b00000, 0x0000000085c00000|  0%| F|  |TAMS 0x0000000085b00000, 0x0000000085b00000| Untracked 
|  64|0x0000000085c00000, 0x0000000085c00000, 0x0000000085d00000|  0%| F|  |TAMS 0x0000000085c00000, 0x0000000085c00000| Untracked 
|  65|0x0000000085d00000, 0x0000000085d00000, 0x0000000085e00000|  0%| F|  |TAMS 0x0000000085d00000, 0x0000000085d00000| Untracked 
|  66|0x0000000085e00000, 0x0000000085e00000, 0x0000000085f00000|  0%| F|  |TAMS 0x0000000085e00000, 0x0000000085e00000| Untracked 
|  67|0x0000000085f00000, 0x0000000085f00000, 0x0000000086000000|  0%| F|  |TAMS 0x0000000085f00000, 0x0000000085f00000| Untracked 
|  68|0x0000000086000000, 0x0000000086000000, 0x0000000086100000|  0%| F|  |TAMS 0x0000000086000000, 0x0000000086000000| Untracked 
|  69|0x0000000086100000, 0x0000000086100000, 0x0000000086200000|  0%| F|  |TAMS 0x0000000086100000, 0x0000000086100000| Untracked 
|  70|0x0000000086200000, 0x0000000086200000, 0x0000000086300000|  0%| F|  |TAMS 0x0000000086200000, 0x0000000086200000| Untracked 
|  71|0x0000000086300000, 0x0000000086300000, 0x0000000086400000|  0%| F|  |TAMS 0x0000000086300000, 0x0000000086300000| Untracked 
|  72|0x0000000086400000, 0x0000000086400000, 0x0000000086500000|  0%| F|  |TAMS 0x0000000086400000, 0x0000000086400000| Untracked 
|  73|0x0000000086500000, 0x0000000086500000, 0x0000000086600000|  0%| F|  |TAMS 0x0000000086500000, 0x0000000086500000| Untracked 
|  74|0x0000000086600000, 0x0000000086600000, 0x0000000086700000|  0%| F|  |TAMS 0x0000000086600000, 0x0000000086600000| Untracked 
|  75|0x0000000086700000, 0x0000000086700000, 0x0000000086800000|  0%| F|  |TAMS 0x0000000086700000, 0x0000000086700000| Untracked 
|  76|0x0000000086800000, 0x0000000086800000, 0x0000000086900000|  0%| F|  |TAMS 0x0000000086800000, 0x0000000086800000| Untracked 
|  77|0x0000000086900000, 0x0000000086900000, 0x0000000086a00000|  0%| F|  |TAMS 0x0000000086900000, 0x0000000086900000| Untracked 
|  78|0x0000000086a00000, 0x0000000086a00000, 0x0000000086b00000|  0%| F|  |TAMS 0x0000000086a00000, 0x0000000086a00000| Untracked 
|  79|0x0000000086b00000, 0x0000000086b00000, 0x0000000086c00000|  0%| F|  |TAMS 0x0000000086b00000, 0x0000000086b00000| Untracked 
|  80|0x0000000086c00000, 0x0000000086c00000, 0x0000000086d00000|  0%| F|  |TAMS 0x0000000086c00000, 0x0000000086c00000| Untracked 
|  81|0x0000000086d00000, 0x0000000086d00000, 0x0000000086e00000|  0%| F|  |TAMS 0x0000000086d00000, 0x0000000086d00000| Untracked 
|  82|0x0000000086e00000, 0x0000000086e00000, 0x0000000086f00000|  0%| F|  |TAMS 0x0000000086e00000, 0x0000000086e00000| Untracked 
|  83|0x0000000086f00000, 0x0000000086f00000, 0x0000000087000000|  0%| F|  |TAMS 0x0000000086f00000, 0x0000000086f00000| Untracked 
|  84|0x0000000087000000, 0x0000000087000000, 0x0000000087100000|  0%| F|  |TAMS 0x0000000087000000, 0x0000000087000000| Untracked 
|  85|0x0000000087100000, 0x0000000087100000, 0x0000000087200000|  0%| F|  |TAMS 0x0000000087100000, 0x0000000087100000| Untracked 
|  86|0x0000000087200000, 0x0000000087200000, 0x0000000087300000|  0%| F|  |TAMS 0x0000000087200000, 0x0000000087200000| Untracked 
|  87|0x0000000087300000, 0x0000000087300000, 0x0000000087400000|  0%| F|  |TAMS 0x0000000087300000, 0x0000000087300000| Untracked 
|  88|0x0000000087400000, 0x0000000087400000, 0x0000000087500000|  0%| F|  |TAMS 0x0000000087400000, 0x0000000087400000| Untracked 
|  89|0x0000000087500000, 0x0000000087500000, 0x0000000087600000|  0%| F|  |TAMS 0x0000000087500000, 0x0000000087500000| Untracked 
|  90|0x0000000087600000, 0x0000000087600000, 0x0000000087700000|  0%| F|  |TAMS 0x0000000087600000, 0x0000000087600000| Untracked 
|  91|0x0000000087700000, 0x0000000087700000, 0x0000000087800000|  0%| F|  |TAMS 0x0000000087700000, 0x0000000087700000| Untracked 
|  92|0x0000000087800000, 0x0000000087800000, 0x0000000087900000|  0%| F|  |TAMS 0x0000000087800000, 0x0000000087800000| Untracked 
|  93|0x0000000087900000, 0x0000000087900000, 0x0000000087a00000|  0%| F|  |TAMS 0x0000000087900000, 0x0000000087900000| Untracked 
|  94|0x0000000087a00000, 0x0000000087a00000, 0x0000000087b00000|  0%| F|  |TAMS 0x0000000087a00000, 0x0000000087a00000| Untracked 
|  95|0x0000000087b00000, 0x0000000087b00000, 0x0000000087c00000|  0%| F|  |TAMS 0x0000000087b00000, 0x0000000087b00000| Untracked 
|  96|0x0000000087c00000, 0x0000000087c00000, 0x0000000087d00000|  0%| F|  |TAMS 0x0000000087c00000, 0x0000000087c00000| Untracked 
|  97|0x0000000087d00000, 0x0000000087d00000, 0x0000000087e00000|  0%| F|  |TAMS 0x0000000087d00000, 0x0000000087d00000| Untracked 
|  98|0x0000000087e00000, 0x0000000087e00000, 0x0000000087f00000|  0%| F|  |TAMS 0x0000000087e00000, 0x0000000087e00000| Untracked 
|  99|0x0000000087f00000, 0x0000000087f00000, 0x0000000088000000|  0%| F|  |TAMS 0x0000000087f00000, 0x0000000087f00000| Untracked 
| 100|0x0000000088000000, 0x0000000088000000, 0x0000000088100000|  0%| F|  |TAMS 0x0000000088000000, 0x0000000088000000| Untracked 
| 101|0x0000000088100000, 0x0000000088100000, 0x0000000088200000|  0%| F|  |TAMS 0x0000000088100000, 0x0000000088100000| Untracked 
| 102|0x0000000088200000, 0x0000000088200000, 0x0000000088300000|  0%| F|  |TAMS 0x0000000088200000, 0x0000000088200000| Untracked 
| 103|0x0000000088300000, 0x0000000088300000, 0x0000000088400000|  0%| F|  |TAMS 0x0000000088300000, 0x0000000088300000| Untracked 
| 104|0x0000000088400000, 0x0000000088400000, 0x0000000088500000|  0%| F|  |TAMS 0x0000000088400000, 0x0000000088400000| Untracked 
| 105|0x0000000088500000, 0x0000000088500000, 0x0000000088600000|  0%| F|  |TAMS 0x0000000088500000, 0x0000000088500000| Untracked 
| 106|0x0000000088600000, 0x0000000088600000, 0x0000000088700000|  0%| F|  |TAMS 0x0000000088600000, 0x0000000088600000| Untracked 
| 107|0x0000000088700000, 0x0000000088700000, 0x0000000088800000|  0%| F|  |TAMS 0x0000000088700000, 0x0000000088700000| Untracked 
| 108|0x0000000088800000, 0x0000000088800000, 0x0000000088900000|  0%| F|  |TAMS 0x0000000088800000, 0x0000000088800000| Untracked 
| 109|0x0000000088900000, 0x0000000088900000, 0x0000000088a00000|  0%| F|  |TAMS 0x0000000088900000, 0x0000000088900000| Untracked 
| 110|0x0000000088a00000, 0x0000000088a00000, 0x0000000088b00000|  0%| F|  |TAMS 0x0000000088a00000, 0x0000000088a00000| Untracked 
| 111|0x0000000088b00000, 0x0000000088b00000, 0x0000000088c00000|  0%| F|  |TAMS 0x0000000088b00000, 0x0000000088b00000| Untracked 
| 112|0x0000000088c00000, 0x0000000088c00000, 0x0000000088d00000|  0%| F|  |TAMS 0x0000000088c00000, 0x0000000088c00000| Untracked 
| 113|0x0000000088d00000, 0x0000000088d00000, 0x0000000088e00000|  0%| F|  |TAMS 0x0000000088d00000, 0x0000000088d00000| Untracked 
| 114|0x0000000088e00000, 0x0000000088e00000, 0x0000000088f00000|  0%| F|  |TAMS 0x0000000088e00000, 0x0000000088e00000| Untracked 
| 115|0x0000000088f00000, 0x0000000088f00000, 0x0000000089000000|  0%| F|  |TAMS 0x0000000088f00000, 0x0000000088f00000| Untracked 
| 116|0x0000000089000000, 0x0000000089000000, 0x0000000089100000|  0%| F|  |TAMS 0x0000000089000000, 0x0000000089000000| Untracked 
| 117|0x0000000089100000, 0x0000000089100000, 0x0000000089200000|  0%| F|  |TAMS 0x0000000089100000, 0x0000000089100000| Untracked 
| 118|0x0000000089200000, 0x0000000089200000, 0x0000000089300000|  0%| F|  |TAMS 0x0000000089200000, 0x0000000089200000| Untracked 
| 119|0x0000000089300000, 0x0000000089300000, 0x0000000089400000|  0%| F|  |TAMS 0x0000000089300000, 0x0000000089300000| Untracked 
| 120|0x0000000089400000, 0x0000000089400000, 0x0000000089500000|  0%| F|  |TAMS 0x0000000089400000, 0x0000000089400000| Untracked 
| 121|0x0000000089500000, 0x0000000089500000, 0x0000000089600000|  0%| F|  |TAMS 0x0000000089500000, 0x0000000089500000| Untracked 
| 122|0x0000000089600000, 0x0000000089600000, 0x0000000089700000|  0%| F|  |TAMS 0x0000000089600000, 0x0000000089600000| Untracked 
| 123|0x0000000089700000, 0x0000000089700000, 0x0000000089800000|  0%| F|  |TAMS 0x0000000089700000, 0x0000000089700000| Untracked 
| 124|0x0000000089800000, 0x0000000089800000, 0x0000000089900000|  0%| F|  |TAMS 0x0000000089800000, 0x0000000089800000| Untracked 
| 125|0x0000000089900000, 0x00000000899f7328, 0x0000000089a00000| 96%| E|  |TAMS 0x0000000089900000, 0x0000000089900000| Complete 
| 126|0x0000000089a00000, 0x0000000089b00000, 0x0000000089b00000|100%| E|CS|TAMS 0x0000000089a00000, 0x0000000089a00000| Complete 
| 127|0x0000000089b00000, 0x0000000089c00000, 0x0000000089c00000|100%| E|CS|TAMS 0x0000000089b00000, 0x0000000089b00000| Complete 

Card table byte_map: [0x00000216dd820000,0x00000216ddc20000] _byte_map_base: 0x00000216dd412000

Marking Bits (Prev, Next): (CMBitMap*) 0x00000216c3ea8398, (CMBitMap*) 0x00000216c3ea83d0
 Prev Bits: [0x00000216de020000, 0x00000216dffb0000)
 Next Bits: [0x00000216dffb0000, 0x00000216e1f40000)

Polling page: 0x00000216c3d30000

Metaspace:

Usage:
  Non-class:      5.81 MB capacity,     5.72 MB ( 98%) used,    88.14 KB (  1%) free+waste,     3.88 KB ( <1%) overhead. 
      Class:    606.00 KB capacity,   558.45 KB ( 92%) used,    45.73 KB (  8%) free+waste,     1.81 KB ( <1%) overhead. 
       Both:      6.40 MB capacity,     6.26 MB ( 98%) used,   133.88 KB (  2%) free+waste,     5.69 KB ( <1%) overhead. 

Virtual space:
  Non-class space:        8.00 MB reserved,       6.00 MB ( 75%) committed 
      Class space:        1.00 GB reserved,     640.00 KB ( <1%) committed 
             Both:        1.01 GB reserved,       6.63 MB ( <1%) committed 

Chunk freelists:
   Non-Class:  896 bytes
       Class:  256 bytes
        Both:  1.13 KB

CodeHeap 'non-profiled nmethods': size=120000Kb used=67Kb max_used=67Kb free=119932Kb
 bounds [0x00000216d5490000, 0x00000216d5700000, 0x00000216dc9c0000]
CodeHeap 'profiled nmethods': size=120000Kb used=259Kb max_used=259Kb free=119740Kb
 bounds [0x00000216cdf60000, 0x00000216ce1d0000, 0x00000216d5490000]
CodeHeap 'non-nmethods': size=5760Kb used=1128Kb max_used=1140Kb free=4631Kb
 bounds [0x00000216cd9c0000, 0x00000216cdc30000, 0x00000216cdf60000]
 total_blobs=616 nmethods=211 adapters=250
 compilation: enabled
              stopped_count=0, restarted_count=0
 full_count=0

Compilation events (10 events):
Event: 0.241 Thread 0x00000216e5274000  207       3       java.lang.AbstractStringBuilder::newCapacity (55 bytes)
Event: 0.241 Thread 0x00000216e5274000 nmethod 207 0x00000216cdf9e910 code [0x00000216cdf9eae0, 0x00000216cdf9ed90]
Event: 0.241 Thread 0x00000216e5274000  208       3       java.lang.StringLatin1::replace (196 bytes)
Event: 0.242 Thread 0x00000216e5274000 nmethod 208 0x00000216cdf9ee90 code [0x00000216cdf9f100, 0x00000216cdf9fde0]
Event: 0.245 Thread 0x00000216e543e800  209       4       java.lang.StringLatin1::indexOf (61 bytes)
Event: 0.248 Thread 0x00000216e543e800 nmethod 209 0x00000216d54a0710 code [0x00000216d54a08a0, 0x00000216d54a0a58]
Event: 0.249 Thread 0x00000216e5274000  210       3       java.lang.String::charAt (25 bytes)
Event: 0.249 Thread 0x00000216e543e800  211       4       java.lang.StringLatin1::charAt (28 bytes)
Event: 0.250 Thread 0x00000216e5274000 nmethod 210 0x00000216cdfa0290 code [0x00000216cdfa04a0, 0x00000216cdfa0a20]
Event: 0.250 Thread 0x00000216e543e800 nmethod 211 0x00000216d54a0b90 code [0x00000216d54a0d20, 0x00000216d54a0df8]

GC Heap History (0 events):
No events

Deoptimization events (3 events):
Event: 0.214 Thread 0x00000216c3e67800 Uncommon trap: reason=class_check action=maybe_recompile pc=0x00000216d549e70c method=java.util.HashMap.putVal(ILjava/lang/Object;Ljava/lang/Object;ZZ)Ljava/lang/Object; @ 152 c2
Event: 0.230 Thread 0x00000216c3e67800 Uncommon trap: reason=class_check action=maybe_recompile pc=0x00000216d549e70c method=java.util.HashMap.putVal(ILjava/lang/Object;Ljava/lang/Object;ZZ)Ljava/lang/Object; @ 152 c2
Event: 0.248 Thread 0x00000216c3e67800 Uncommon trap: reason=unstable_if action=reinterpret pc=0x00000216d549f2f8 method=java.lang.String.isLatin1()Z @ 10 c2

Classes redefined (4 events):
Event: 35.409 Thread 0x00000216e4a2f800 redefined class name=ConvSort, count=1
Event: 181.368 Thread 0x00000216e4a2f800 redefined class name=ConvSort, count=2
Event: 226.318 Thread 0x00000216e4a2f800 redefined class name=ConvSort, count=3
Event: 712.247 Thread 0x00000216e4a2f800 redefined class name=ConvSort, count=4

Internal exceptions (0 events):
No events

Events (10 events):
Event: 147591.580 Executing VM operation: GetFrameCount done
Event: 147591.580 Executing VM operation: GetStackTrace
Event: 147591.580 Executing VM operation: GetStackTrace done
Event: 147591.581 Executing VM operation: GetFrameCount
Event: 147591.581 Executing VM operation: GetFrameCount done
Event: 147591.581 Executing VM operation: GetStackTrace
Event: 147591.581 Executing VM operation: GetStackTrace done
Event: 147591.581 Executing VM operation: GetFrameLocation
Event: 147591.581 Executing VM operation: GetFrameLocation done
Event: 147591.582 Executing VM operation: GetOrSetLocal


Dynamic libraries:
0x00007ff69bc30000 - 0x00007ff69bc77000 	C:\Program Files\Java\jdk-11\bin\java.exe
0x00007ffc2a830000 - 0x00007ffc2aa11000 	C:\WINDOWS\SYSTEM32\ntdll.dll
0x00007ffc28830000 - 0x00007ffc288e2000 	C:\WINDOWS\System32\KERNEL32.DLL
0x00007ffc274b0000 - 0x00007ffc27723000 	C:\WINDOWS\System32\KERNELBASE.dll
0x00007ffc288f0000 - 0x00007ffc28991000 	C:\WINDOWS\System32\ADVAPI32.dll
0x00007ffc28cd0000 - 0x00007ffc28d6e000 	C:\WINDOWS\System32\msvcrt.dll
0x00007ffc28430000 - 0x00007ffc2848b000 	C:\WINDOWS\System32\sechost.dll
0x00007ffc28270000 - 0x00007ffc28394000 	C:\WINDOWS\System32\RPCRT4.dll
0x00007ffc28670000 - 0x00007ffc28800000 	C:\WINDOWS\System32\USER32.dll
0x00007ffc27c50000 - 0x00007ffc27c70000 	C:\WINDOWS\System32\win32u.dll
0x00007ffc28800000 - 0x00007ffc28828000 	C:\WINDOWS\System32\GDI32.dll
0x00007ffc27310000 - 0x00007ffc274a2000 	C:\WINDOWS\System32\gdi32full.dll
0x00007ffc27730000 - 0x00007ffc277cf000 	C:\WINDOWS\System32\msvcp_win.dll
0x00007ffc277d0000 - 0x00007ffc278ca000 	C:\WINDOWS\System32\ucrtbase.dll
0x00007ffc16580000 - 0x00007ffc167e9000 	C:\WINDOWS\WinSxS\amd64_microsoft.windows.common-controls_6595b64144ccf1df_6.0.17134.345_none_fb429a5930656358\COMCTL32.dll
0x00007ffc28e20000 - 0x00007ffc29143000 	C:\WINDOWS\System32\combase.dll
0x00007ffc1a700000 - 0x00007ffc1a70a000 	C:\WINDOWS\SYSTEM32\VERSION.dll
0x00007ffc27bd0000 - 0x00007ffc27c4a000 	C:\WINDOWS\System32\bcryptPrimitives.dll
0x00007ffc28400000 - 0x00007ffc2842d000 	C:\WINDOWS\System32\IMM32.DLL
0x00007ffc23680000 - 0x00007ffc23696000 	C:\Program Files\Java\jdk-11\bin\vcruntime140.dll
0x00007ffc20d80000 - 0x00007ffc20e2a000 	C:\Program Files\Java\jdk-11\bin\msvcp140.dll
0x00007ffbf4f90000 - 0x00007ffbf5ad2000 	C:\Program Files\Java\jdk-11\bin\server\jvm.dll
0x00007ffc28590000 - 0x00007ffc28598000 	C:\WINDOWS\System32\PSAPI.DLL
0x00007ffc1a710000 - 0x00007ffc1a719000 	C:\WINDOWS\SYSTEM32\WSOCK32.dll
0x00007ffc1a420000 - 0x00007ffc1a443000 	C:\WINDOWS\SYSTEM32\WINMM.dll
0x00007ffc28600000 - 0x00007ffc2866c000 	C:\WINDOWS\System32\WS2_32.dll
0x00007ffc19ec0000 - 0x00007ffc19eea000 	C:\WINDOWS\SYSTEM32\winmmbase.dll
0x00007ffc27c70000 - 0x00007ffc27cb9000 	C:\WINDOWS\System32\cfgmgr32.dll
0x00007ffc26bb0000 - 0x00007ffc26bc1000 	C:\WINDOWS\System32\kernel.appcore.dll
0x00007ffc22af0000 - 0x00007ffc22b01000 	C:\Program Files\Java\jdk-11\bin\verify.dll
0x00007ffc25580000 - 0x00007ffc25749000 	C:\WINDOWS\SYSTEM32\DBGHELP.DLL
0x00007ffc20f40000 - 0x00007ffc20f69000 	C:\WINDOWS\SYSTEM32\dbgcore.DLL
0x00007ffc22a20000 - 0x00007ffc22a49000 	C:\Program Files\Java\jdk-11\bin\java.dll
0x00007ffc12f90000 - 0x00007ffc12fc7000 	C:\Program Files\Java\jdk-11\bin\jdwp.dll
0x00007ffc21b90000 - 0x00007ffc21bbf000 	C:\Program Files\Java\jdk-11\bin\instrument.dll
0x00007ffc20d60000 - 0x00007ffc20d76000 	C:\Program Files\Java\jdk-11\bin\zip.dll
0x00007ffc231d0000 - 0x00007ffc231da000 	C:\Program Files\Java\jdk-11\bin\jimage.dll
0x00007ffc292a0000 - 0x00007ffc2a6df000 	C:\WINDOWS\System32\SHELL32.dll
0x00007ffc28d70000 - 0x00007ffc28e19000 	C:\WINDOWS\System32\shcore.dll
0x00007ffc26c00000 - 0x00007ffc2730d000 	C:\WINDOWS\System32\windows.storage.dll
0x00007ffc283a0000 - 0x00007ffc283f1000 	C:\WINDOWS\System32\shlwapi.dll
0x00007ffc26bd0000 - 0x00007ffc26bef000 	C:\WINDOWS\System32\profapi.dll
0x00007ffc26b40000 - 0x00007ffc26b8c000 	C:\WINDOWS\System32\powrprof.dll
0x00007ffc26bf0000 - 0x00007ffc26bfa000 	C:\WINDOWS\System32\FLTLIB.DLL
0x00007ffc24230000 - 0x00007ffc2423a000 	C:\Program Files\Java\jdk-11\bin\dt_socket.dll
0x00007ffc263c0000 - 0x00007ffc26426000 	C:\WINDOWS\system32\mswsock.dll
0x00007ffc20d40000 - 0x00007ffc20d59000 	C:\Program Files\Java\jdk-11\bin\net.dll
0x00007ffc1e6b0000 - 0x00007ffc1e78c000 	C:\WINDOWS\SYSTEM32\WINHTTP.dll
0x00007ffc20d20000 - 0x00007ffc20d33000 	C:\Program Files\Java\jdk-11\bin\nio.dll

dbghelp: loaded successfully - version: 4.0.5 - missing functions: none
symbol engine: initialized successfully - sym options: 0x614 - pdb path: .;C:\Program Files\Java\jdk-11\bin;C:\WINDOWS\SYSTEM32;C:\WINDOWS\WinSxS\amd64_microsoft.windows.common-controls_6595b64144ccf1df_6.0.17134.345_none_fb429a5930656358;C:\Program Files\Java\jdk-11\bin\server

VM Arguments:
jvm_args: -agentlib:jdwp=transport=dt_socket,address=127.0.0.1:63335,suspend=y,server=n -javaagent:C:\Users\Duck\.IntelliJIdea2018.2\system\captureAgent\debugger-agent.jar=file:/C:/Users/Duck/AppData/Local/Temp/capture.props -Dfile.encoding=UTF-8 
java_command: ConvSort
java_class_path (initial): C:\Users\Duck\IdeaProjects\convsort2\out\production\convsort2;C:\Program Files\JetBrains\IntelliJ IDEA 2018.2.4\lib\idea_rt.jar
Launcher Type: SUN_STANDARD

[Global flags]
     intx CICompilerCount                          = 4                                         {product} {ergonomic}
     uint ConcGCThreads                            = 2                                         {product} {ergonomic}
     uint G1ConcRefinementThreads                  = 8                                         {product} {ergonomic}
   size_t G1HeapRegionSize                         = 1048576                                   {product} {ergonomic}
    uintx GCDrainStackTargetSize                   = 64                                        {product} {ergonomic}
   size_t InitialHeapSize                          = 134217728                                 {product} {ergonomic}
   size_t MarkStackSize                            = 4194304                                   {product} {ergonomic}
   size_t MaxHeapSize                              = 2118123520                                {product} {ergonomic}
   size_t MaxNewSize                               = 1270874112                                {product} {ergonomic}
   size_t MinHeapDeltaBytes                        = 1048576                                   {product} {ergonomic}
    uintx NonNMethodCodeHeapSize                   = 5835340                                {pd product} {ergonomic}
    uintx NonProfiledCodeHeapSize                  = 122911450                              {pd product} {ergonomic}
    uintx ProfiledCodeHeapSize                     = 122911450                              {pd product} {ergonomic}
    uintx ReservedCodeCacheSize                    = 251658240                              {pd product} {ergonomic}
     bool SegmentedCodeCache                       = true                                      {product} {ergonomic}
     bool UseCompressedClassPointers               = true                                 {lp64_product} {ergonomic}
     bool UseCompressedOops                        = true                                 {lp64_product} {ergonomic}
     bool UseG1GC                                  = true                                      {product} {ergonomic}
     bool UseLargePagesIndividualAllocation        = false                                  {pd product} {ergonomic}

Logging:
Log output configuration:
 #0: stdout all=warning uptime,level,tags
 #1: stderr all=off uptime,level,tags

Environment Variables:
PATH=C:\Program Files (x86)\Intel\iCLS Client\;C:\Program Files\Intel\iCLS Client\;C:\WINDOWS\system32;C:\WINDOWS;C:\WINDOWS\System32\Wbem;C:\WINDOWS\System32\WindowsPowerShell\v1.0\;C:\Program Files (x86)\Intel\Intel(R) Management Engine Components\DAL;C:\Program Files\Intel\Intel(R) Management Engine Components\DAL;C:\Program Files (x86)\Intel\Intel(R) Management Engine Components\IPT;C:\Program Files\Intel\Intel(R) Management Engine Components\IPT;C:\Program Files\Intel\WiFi\bin\;C:\Program Files\Common Files\Intel\WirelessCommon\;C:\Program Files\Git\cmd;C:\Program Files\PuTTY\;C:\WINDOWS\System32\OpenSSH\;C:\Users\Duck\AppData\Local\Microsoft\WindowsApps;;C:\Users\Duck\AppData\Local\Programs\Microsoft VS Code\bin
USERNAME=Duck
OS=Windows_NT
PROCESSOR_IDENTIFIER=Intel64 Family 6 Model 142 Stepping 10, GenuineIntel



---------------  S Y S T E M  ---------------

OS: Windows 10 , 64 bit Build 17134 (10.0.17134.1)

CPU:total 8 (initial active 8) (4 cores per cpu, 2 threads per core) family 6 model 142 stepping 10, cmov, cx8, fxsr, mmx, sse, sse2, sse3, ssse3, sse4.1, sse4.2, popcnt, avx, avx2, aes, clmul, erms, 3dnowpref, lzcnt, ht, tsc, tscinvbit, bmi1, bmi2, adx, fma

Memory: 4k page, system-wide physical 8075M (3249M free)
TotalPageFile size 10778M (AvailPageFile size 2316M)
current process WorkingSet (physical memory assigned to process): 15M, peak: 37M
current process commit charge ("private bytes"): 206M, peak: 208M

vm_info: Java HotSpot(TM) 64-Bit Server VM (11+28) for windows-amd64 JRE (11+28), built on Aug 23 2018 03:03:59 by "mach5one" with MS VC++ 15.5 (VS2017)

END.
